Determining if the pthread_create exist failed with the following output:
Change Dir: /home/diva2/diva2/Debug/CMakeFiles/CMakeTmp

Run Build Command:"/usr/bin/make" "cmTC_929ef/fast"
/usr/bin/make -f CMakeFiles/cmTC_929ef.dir/build.make CMakeFiles/cmTC_929ef.dir/build
make[1]: 디렉터리 '/home/diva2/diva2/Debug/CMakeFiles/CMakeTmp' 들어감
Building C object CMakeFiles/cmTC_929ef.dir/CheckSymbolExists.c.o
/usr/bin/cc    -o CMakeFiles/cmTC_929ef.dir/CheckSymbolExists.c.o   -c /home/diva2/diva2/Debug/CMakeFiles/CMakeTmp/CheckSymbolExists.c
Linking C executable cmTC_929ef
/usr/bin/cmake -E cmake_link_script CMakeFiles/cmTC_929ef.dir/link.txt --verbose=1
/usr/bin/cc      CMakeFiles/cmTC_929ef.dir/CheckSymbolExists.c.o  -o cmTC_929ef 
CMakeFiles/cmTC_929ef.dir/CheckSymbolExists.c.o: In function `main':
CheckSymbolExists.c:(.text+0x1b): undefined reference to `pthread_create'
collect2: error: ld returned 1 exit status
CMakeFiles/cmTC_929ef.dir/build.make:97: recipe for target 'cmTC_929ef' failed
make[1]: *** [cmTC_929ef] Error 1
make[1]: 디렉터리 '/home/diva2/diva2/Debug/CMakeFiles/CMakeTmp' 나감
Makefile:126: recipe for target 'cmTC_929ef/fast' failed
make: *** [cmTC_929ef/fast] Error 2

File /home/diva2/diva2/Debug/CMakeFiles/CMakeTmp/CheckSymbolExists.c:
/* */
#include <pthread.h>

int main(int argc, char** argv)
{
  (void)argv;
#ifndef pthread_create
  return ((int*)(&pthread_create))[argc];
#else
  (void)argc;
  return 0;
#endif
}

Determining if the function pthread_create exists in the pthreads failed with the following output:
Change Dir: /home/diva2/diva2/Debug/CMakeFiles/CMakeTmp

Run Build Command:"/usr/bin/make" "cmTC_2e799/fast"
/usr/bin/make -f CMakeFiles/cmTC_2e799.dir/build.make CMakeFiles/cmTC_2e799.dir/build
make[1]: 디렉터리 '/home/diva2/diva2/Debug/CMakeFiles/CMakeTmp' 들어감
Building C object CMakeFiles/cmTC_2e799.dir/CheckFunctionExists.c.o
/usr/bin/cc   -DCHECK_FUNCTION_EXISTS=pthread_create   -o CMakeFiles/cmTC_2e799.dir/CheckFunctionExists.c.o   -c /usr/share/cmake-3.10/Modules/CheckFunctionExists.c
Linking C executable cmTC_2e799
/usr/bin/cmake -E cmake_link_script CMakeFiles/cmTC_2e799.dir/link.txt --verbose=1
/usr/bin/cc  -DCHECK_FUNCTION_EXISTS=pthread_create    CMakeFiles/cmTC_2e799.dir/CheckFunctionExists.c.o  -o cmTC_2e799 -lpthreads 
/usr/bin/ld: cannot find -lpthreads
collect2: error: ld returned 1 exit status
CMakeFiles/cmTC_2e799.dir/build.make:97: recipe for target 'cmTC_2e799' failed
make[1]: *** [cmTC_2e799] Error 1
make[1]: 디렉터리 '/home/diva2/diva2/Debug/CMakeFiles/CMakeTmp' 나감
Makefile:126: recipe for target 'cmTC_2e799/fast' failed
make: *** [cmTC_2e799/fast] Error 2


