Determining if the pthread_create exist failed with the following output:
Change Dir: /home/diva2/diva2/build/CMakeFiles/CMakeTmp

Run Build Command:"/usr/bin/make" "cmTC_6bc8d/fast"
/usr/bin/make -f CMakeFiles/cmTC_6bc8d.dir/build.make CMakeFiles/cmTC_6bc8d.dir/build
make[1]: 디렉터리 '/home/diva2/diva2/build/CMakeFiles/CMakeTmp' 들어감
Building C object CMakeFiles/cmTC_6bc8d.dir/CheckSymbolExists.c.o
/usr/bin/cc    -o CMakeFiles/cmTC_6bc8d.dir/CheckSymbolExists.c.o   -c /home/diva2/diva2/build/CMakeFiles/CMakeTmp/CheckSymbolExists.c
Linking C executable cmTC_6bc8d
/usr/bin/cmake -E cmake_link_script CMakeFiles/cmTC_6bc8d.dir/link.txt --verbose=1
/usr/bin/cc      CMakeFiles/cmTC_6bc8d.dir/CheckSymbolExists.c.o  -o cmTC_6bc8d 
CMakeFiles/cmTC_6bc8d.dir/CheckSymbolExists.c.o: In function `main':
CheckSymbolExists.c:(.text+0x1b): undefined reference to `pthread_create'
collect2: error: ld returned 1 exit status
CMakeFiles/cmTC_6bc8d.dir/build.make:97: recipe for target 'cmTC_6bc8d' failed
make[1]: *** [cmTC_6bc8d] Error 1
make[1]: 디렉터리 '/home/diva2/diva2/build/CMakeFiles/CMakeTmp' 나감
Makefile:126: recipe for target 'cmTC_6bc8d/fast' failed
make: *** [cmTC_6bc8d/fast] Error 2

File /home/diva2/diva2/build/CMakeFiles/CMakeTmp/CheckSymbolExists.c:
/* */
#include <pthread.h>

int main(int argc, char** argv)
{
  (void)argv;
#ifndef pthread_create
  return ((int*)(&pthread_create))[argc];
#else
  (void)argc;
  return 0;
#endif
}

Determining if the function pthread_create exists in the pthreads failed with the following output:
Change Dir: /home/diva2/diva2/build/CMakeFiles/CMakeTmp

Run Build Command:"/usr/bin/make" "cmTC_ec68f/fast"
/usr/bin/make -f CMakeFiles/cmTC_ec68f.dir/build.make CMakeFiles/cmTC_ec68f.dir/build
make[1]: 디렉터리 '/home/diva2/diva2/build/CMakeFiles/CMakeTmp' 들어감
Building C object CMakeFiles/cmTC_ec68f.dir/CheckFunctionExists.c.o
/usr/bin/cc   -DCHECK_FUNCTION_EXISTS=pthread_create   -o CMakeFiles/cmTC_ec68f.dir/CheckFunctionExists.c.o   -c /usr/share/cmake-3.10/Modules/CheckFunctionExists.c
Linking C executable cmTC_ec68f
/usr/bin/cmake -E cmake_link_script CMakeFiles/cmTC_ec68f.dir/link.txt --verbose=1
/usr/bin/cc  -DCHECK_FUNCTION_EXISTS=pthread_create    CMakeFiles/cmTC_ec68f.dir/CheckFunctionExists.c.o  -o cmTC_ec68f -lpthreads 
/usr/bin/ld: cannot find -lpthreads
collect2: error: ld returned 1 exit status
CMakeFiles/cmTC_ec68f.dir/build.make:97: recipe for target 'cmTC_ec68f' failed
make[1]: *** [cmTC_ec68f] Error 1
make[1]: 디렉터리 '/home/diva2/diva2/build/CMakeFiles/CMakeTmp' 나감
Makefile:126: recipe for target 'cmTC_ec68f/fast' failed
make: *** [cmTC_ec68f/fast] Error 2


